0 info it worked if it ends with ok
1 verbose cli [ '/usr/local/bin/node', '/usr/local/bin/npm', 'start' ]
2 info using npm@3.8.3
3 info using node@v5.10.1
4 verbose run-script [ 'prestart', 'start', 'poststart' ]
5 info lifecycle paper-trader@0.0.1~prestart: paper-trader@0.0.1
6 silly lifecycle paper-trader@0.0.1~prestart: no script for prestart, continuing
7 info lifecycle paper-trader@0.0.1~start: paper-trader@0.0.1
8 verbose lifecycle paper-trader@0.0.1~start: unsafe-perm in lifecycle true
9 verbose lifecycle paper-trader@0.0.1~start: PATH: /usr/local/lib/node_modules/npm/bin/node-gyp-bin:/Users/patrickread/js/paper-trader/node_modules/.bin:/usr/local/bin:/Users/patrickread/.rvm/gems/ruby-2.1.4/bin:/Users/patrickread/.rvm/gems/ruby-2.1.4@global/bin:/Users/patrickread/.rvm/rubies/ruby-2.1.4/bin:/Users/patrickread/.rbenv/shims:/Users/patrickread/.rbenv/bin:/Users/patrickread/.rbenv/shims:/usr/local/bin:/usr/bin:/bin:/usr/sbin:/sbin:/opt/X11/bin:/usr/local/MacGPG2/bin:/Users/patrickread/.rvm/bin:/Users/patrickread/Library/Android/sdk/platform-tools:/Users/patrickread/git-extensions
10 verbose lifecycle paper-trader@0.0.1~start: CWD: /Users/patrickread/js/paper-trader
11 silly lifecycle paper-trader@0.0.1~start: Args: [ '-c', 'node ./src/app.js' ]
12 silly lifecycle paper-trader@0.0.1~start: Returned: code: 1  signal: null
13 info lifecycle paper-trader@0.0.1~start: Failed to exec start script
14 verbose stack Error: paper-trader@0.0.1 start: `node ./src/app.js`
14 verbose stack Exit status 1
14 verbose stack     at EventEmitter.<anonymous> (/usr/local/lib/node_modules/npm/lib/utils/lifecycle.js:239:16)
14 verbose stack     at emitTwo (events.js:100:13)
14 verbose stack     at EventEmitter.emit (events.js:185:7)
14 verbose stack     at ChildProcess.<anonymous> (/usr/local/lib/node_modules/npm/lib/utils/spawn.js:24:14)
14 verbose stack     at emitTwo (events.js:100:13)
14 verbose stack     at ChildProcess.emit (events.js:185:7)
14 verbose stack     at maybeClose (internal/child_process.js:850:16)
14 verbose stack     at Process.ChildProcess._handle.onexit (internal/child_process.js:215:5)
15 verbose pkgid paper-trader@0.0.1
16 verbose cwd /Users/patrickread/js/paper-trader
17 error Darwin 15.3.0
18 error argv "/usr/local/bin/node" "/usr/local/bin/npm" "start"
19 error node v5.10.1
20 error npm  v3.8.3
21 error code ELIFECYCLE
22 error paper-trader@0.0.1 start: `node ./src/app.js`
22 error Exit status 1
23 error Failed at the paper-trader@0.0.1 start script 'node ./src/app.js'.
23 error Make sure you have the latest version of node.js and npm installed.
23 error If you do, this is most likely a problem with the paper-trader package,
23 error not with npm itself.
23 error Tell the author that this fails on your system:
23 error     node ./src/app.js
23 error You can get information on how to open an issue for this project with:
23 error     npm bugs paper-trader
23 error Or if that isn't available, you can get their info via:
23 error     npm owner ls paper-trader
23 error There is likely additional logging output above.
24 verbose exit [ 1, true ]
